<?xml version="1.0" encoding="UTF-8"?>
<!-- Generated by org.testng.reporters.JUnitXMLReporter -->
<testsuite hostname="LAPTOP-H9B048JB" ignored="0" name="Surefire test" tests="3" failures="0" timestamp="09 Sep 2020 23:30:10 GMT" time="36.081" errors="0">
  <testcase name="validateToggleChecked" time="22.598" classname="Test.ToggleCheckOnTest"/>
  <testcase name="validateSingleToggleItemRemove" time="1.912" classname="Test.ToggleCheckOnTest"/>
  <testcase name="validateAllToggleItemRemove" time="11.547" classname="Test.ToggleCheckOnTest"/>
</testsuite> <!-- Surefire test -->
