<?xml version="1.0" encoding="UTF-8"?>
<!-- Generated by org.testng.reporters.JUnitXMLReporter -->
<testsuite hostname="LAPTOP-H9B048JB" ignored="0" name="Surefire test" tests="3" failures="0" timestamp="26 Nov 2020 08:36:26 GMT" time="49.383" errors="0">
  <testcase name="validateToggleChecked" time="45.4" classname="Test.ToggleCheckOnTest"/>
  <testcase name="validateSingleToggleItemRemove" time="2.16" classname="Test.ToggleCheckOnTest"/>
  <testcase name="validateAllToggleItemRemove" time="1.758" classname="Test.ToggleCheckOnTest"/>
</testsuite> <!-- Surefire test -->
