<?xml version="1.0" encoding="UTF-8"?>
<!-- Generated by org.testng.reporters.JUnitXMLReporter -->
<testsuite hostname="LAPTOP-H9B048JB" ignored="0" name="Default test" tests="3" failures="0" timestamp="10 Sep 2020 01:35:47 GMT" time="29.11" errors="0">
  <testcase name="validateToggleChecked" time="24.475" classname="Test.ToggleCheckOnTest"/>
  <testcase name="validateSingleToggleItemRemove" time="2.421" classname="Test.ToggleCheckOnTest"/>
  <testcase name="validateAllToggleItemRemove" time="2.191" classname="Test.ToggleCheckOnTest"/>
</testsuite> <!-- Default test -->
