<?xml version="1.0" encoding="UTF-8"?>
<testng-results skipped="0" failed="0" ignored="0" total="3" passed="3">
  <reporter-output>
  </reporter-output>
  <suite name="Surefire suite" duration-ms="36081" started-at="2020-09-09T23:29:34Z" finished-at="2020-09-09T23:30:10Z">
    <groups>
    </groups>
    <test name="Surefire test" duration-ms="36081" started-at="2020-09-09T23:29:34Z" finished-at="2020-09-09T23:30:10Z">
      <class name="Test.ToggleCheckOnTest">
        <test-method status="PASS" signature="validateToggleChecked()[pri:1, instance:Test.ToggleCheckOnTest@2752f6e2]" name="validateToggleChecked" duration-ms="22598" started-at="2020-09-09T23:29:34Z" finished-at="2020-09-09T23:29:57Z">
          <reporter-output>
          </reporter-output>
        </test-method> <!-- validateToggleChecked -->
        <test-method status="PASS" signature="validateSingleToggleItemRemove()[pri:2, instance:Test.ToggleCheckOnTest@2752f6e2]" name="validateSingleToggleItemRemove" duration-ms="1912" started-at="2020-09-09T23:29:57Z" finished-at="2020-09-09T23:29:59Z">
          <reporter-output>
          </reporter-output>
        </test-method> <!-- validateSingleToggleItemRemove -->
        <test-method status="PASS" signature="validateAllToggleItemRemove()[pri:3, instance:Test.ToggleCheckOnTest@2752f6e2]" name="validateAllToggleItemRemove" duration-ms="11547" started-at="2020-09-09T23:29:59Z" finished-at="2020-09-09T23:30:10Z">
          <reporter-output>
          </reporter-output>
        </test-method> <!-- validateAllToggleItemRemove -->
      </class> <!-- Test.ToggleCheckOnTest -->
    </test> <!-- Surefire test -->
  </suite> <!-- Surefire suite -->
</testng-results>
