<?xml version="1.0" encoding="UTF-8"?>
<testng-results skipped="0" failed="0" ignored="0" total="3" passed="3">
  <reporter-output>
  </reporter-output>
  <suite name="Default suite" duration-ms="29110" started-at="2020-09-10T01:35:18Z" finished-at="2020-09-10T01:35:47Z">
    <groups>
    </groups>
    <test name="Default test" duration-ms="29110" started-at="2020-09-10T01:35:18Z" finished-at="2020-09-10T01:35:47Z">
      <class name="Test.ToggleCheckOnTest">
        <test-method status="PASS" signature="validateToggleChecked()[pri:1, instance:Test.ToggleCheckOnTest@45f45fa1]" name="validateToggleChecked" duration-ms="24475" started-at="2020-09-10T01:35:18Z" finished-at="2020-09-10T01:35:43Z">
          <reporter-output>
          </reporter-output>
        </test-method> <!-- validateToggleChecked -->
        <test-method status="PASS" signature="validateSingleToggleItemRemove()[pri:2, instance:Test.ToggleCheckOnTest@45f45fa1]" name="validateSingleToggleItemRemove" duration-ms="2421" started-at="2020-09-10T01:35:43Z" finished-at="2020-09-10T01:35:45Z">
          <reporter-output>
          </reporter-output>
        </test-method> <!-- validateSingleToggleItemRemove -->
        <test-method status="PASS" signature="validateAllToggleItemRemove()[pri:3, instance:Test.ToggleCheckOnTest@45f45fa1]" name="validateAllToggleItemRemove" duration-ms="2191" started-at="2020-09-10T01:35:45Z" finished-at="2020-09-10T01:35:47Z">
          <reporter-output>
          </reporter-output>
        </test-method> <!-- validateAllToggleItemRemove -->
      </class> <!-- Test.ToggleCheckOnTest -->
    </test> <!-- Default test -->
  </suite> <!-- Default suite -->
</testng-results>
